Arguments: 
  /home/correamito/.nvm/versions/node/v18.3.0/bin/node /home/correamito/.yarn/bin/yarn.js

PATH: 
  /home/correamito/.yarn/bin:/home/correamito/.config/yarn/global/node_modules/.bin:/home/correamito/.vscode-server/bin/e4503b30fc78200f846c62cf8091b76ff5547662/bin/remote-cli:/home/correamito/.yarn/bin:/home/correamito/.config/yarn/global/node_modules/.bin:/home/correamito/.nvm/versions/node/v18.3.0/bin:/usr/local/sbin:/usr/local/bin:/usr/sbin:/usr/bin:/sbin:/bin:/usr/games:/usr/local/games:/usr/lib/wsl/lib:/mnt/c/WINDOWS/system32:/mnt/c/WINDOWS:/mnt/c/WINDOWS/System32/Wbem:/mnt/c/WINDOWS/System32/WindowsPowerShell/v1.0/:/mnt/c/WINDOWS/System32/OpenSSH/:/mnt/c/Program Files/Git/cmd:/mnt/c/Program Files/Docker/Docker/resources/bin:/mnt/c/ProgramData/DockerDesktop/version-bin:/mnt/c/Users/gabij/AppData/Local/Microsoft/WindowsApps:/mnt/c/Users/gabij/AppData/Local/Programs/Microsoft VS Code/bin:/mnt/c/Program Files/PostgreSQL/14/bin:/mnt/c/Program Files/PostgreSQL/14/bin:/snap/bin

Yarn version: 
  1.22.19

Node version: 
  18.3.0

Platform: 
  linux x64

Trace: 
  SyntaxError: /home/correamito/.cache/yarn/v6/npm-tar-6.1.11-6760a38f003afa1b2ffd0ffe9e9abbd0eab3d621-integrity/node_modules/tar/.yarn-metadata.json: Unexpected end of JSON input
      at JSON.parse (<anonymous>)
      at /home/correamito/.yarn/lib/cli.js:1629:59
      at Generator.next (<anonymous>)
      at step (/home/correamito/.yarn/lib/cli.js:310:30)
      at /home/correamito/.yarn/lib/cli.js:321:13

npm manifest: 
  {
    "name": "m4-sprint5-entrega",
    "version": "1.0.0",
    "main": "index.js",
    "license": "MIT",
    "scripts": {
      "test": "NODE_ENV=test jest"
    },
    "devDependencies": {
      "@types/jest": "^28.1.3",
      "@types/supertest": "^2.0.12",
      "jest": "27.5.1",
      "sqlite3": "^5.0.8",
      "supertest": "^6.2.3",
      "ts-jest": "^28.0.5",
      "typescript": "^4.6.4"
    }
  }

yarn manifest: 
  No manifest

Lockfile: 
  No lockfile
